#
# There is insufficient memory for the Java Runtime Environment to continue.
# Native memory allocation (malloc) failed to allocate 1529984 bytes. Error detail: Chunk::new
# Possible reasons:
#   The system is out of physical RAM or swap space
#   This process is running with CompressedOops enabled, and the Java Heap may be blocking the growth of the native heap
# Possible solutions:
#   Reduce memory load on the system
#   Increase physical memory or swap space
#   Check if swap backing store is full
#   Decrease Java heap size (-Xmx/-Xms)
#   Decrease number of Java threads
#   Decrease Java thread stack sizes (-Xss)
#   Set larger code cache with -XX:ReservedCodeCacheSize=
#   JVM is running with Unscaled Compressed Oops mode in which the Java heap is
#     placed in the first 4GB address space. The Java Heap base address is the
#     maximum limit for the native heap growth. Please use -XX:HeapBaseMinAddress
#     to set the Java Heap base and to place the Java Heap above 4GB virtual address.
# This output file may be truncated or incomplete.
#
#  Out of Memory Error (arena.cpp:168), pid=24788, tid=32844
#
# JRE version: OpenJDK Runtime Environment Temurin-21.0.7+6 (21.0.7+6) (build 21.0.7+6-LTS)
# Java VM: OpenJDK 64-Bit Server VM Temurin-21.0.7+6 (21.0.7+6-LTS, mixed mode, sharing, tiered, compressed oops, compressed class ptrs, parallel gc, windows-amd64)
# No core dump will be written. Minidumps are not enabled by default on client versions of Windows
#

---------------  S U M M A R Y ------------

Command Line: --add-modules=ALL-SYSTEM --add-opens=java.base/java.util=ALL-UNNAMED --add-opens=java.base/java.lang=ALL-UNNAMED --add-opens=java.base/sun.nio.fs=ALL-UNNAMED -Declipse.application=org.eclipse.jdt.ls.core.id1 -Dosgi.bundles.defaultStartLevel=4 -Declipse.product=org.eclipse.jdt.ls.core.product -Djava.import.generatesMetadataFilesAtProjectRoot=false -DDetectVMInstallationsJob.disabled=true -Dfile.encoding=utf8 -XX:+UseParallelGC -XX:GCTimeRatio=4 -XX:AdaptiveSizePolicyWeight=90 -Dsun.zip.disableMemoryMapping=true -Xmx2G -Xms100m -Xlog:disable -javaagent:c:\Users\lenevo\.vscode\extensions\redhat.java-1.43.1-win32-x64\lombok\lombok-1.18.39-4050.jar -XX:+HeapDumpOnOutOfMemoryError -XX:HeapDumpPath=c:\Users\lenevo\AppData\Roaming\Code\User\workspaceStorage\7e8dc7172eb0617674d0279011c92714\redhat.java -Daether.dependencyCollector.impl=bf c:\Users\lenevo\.vscode\extensions\redhat.java-1.43.1-win32-x64\server\plugins\org.eclipse.equinox.launcher_1.7.0.v20250519-0528.jar -configuration c:\Users\lenevo\AppData\Roaming\Code\User\globalStorage\redhat.java\1.43.1\config_win -data c:\Users\lenevo\AppData\Roaming\Code\User\workspaceStorage\7e8dc7172eb0617674d0279011c92714\redhat.java\jdt_ws --pipe=\\.\pipe\lsp-a34a9fb5a5d4efdbf1492486866fd4b4-sock

Host: Intel(R) Core(TM) i5-1035G1 CPU @ 1.00GHz, 8 cores, 11G,  Windows 11 , 64 bit Build 26100 (10.0.26100.3775)
Time: Fri Jul 18 15:32:45 2025 Greenwich Standard Time elapsed time: 78.414138 seconds (0d 0h 1m 18s)

---------------  T H R E A D  ---------------

Current thread (0x0000022fd3794a50):  JavaThread "C2 CompilerThread0" daemon [_thread_in_native, id=32844, stack(0x000000d6a4c00000,0x000000d6a4d00000) (1024K)]


Current CompileTask:
C2:78414 14439  s!   4       org.eclipse.jdt.internal.core.index.DiskIndex::readCategoryTable (743 bytes)

Stack: [0x000000d6a4c00000,0x000000d6a4d00000]
Native frames: (J=compiled Java code, j=interpreted, Vv=VM code, C=native code)
V  [jvm.dll+0x6ce119]
V  [jvm.dll+0x8a84a1]
V  [jvm.dll+0x8aa9ce]
V  [jvm.dll+0x8ab0b3]
V  [jvm.dll+0x27f8a6]
V  [jvm.dll+0xc507d]
V  [jvm.dll+0xc55b3]
V  [jvm.dll+0x3b692c]
V  [jvm.dll+0x1dfe33]
V  [jvm.dll+0x247c42]
V  [jvm.dll+0x2470cf]
V  [jvm.dll+0x1c760e]
V  [jvm.dll+0x25695a]
V  [jvm.dll+0x254efa]
V  [jvm.dll+0x3f03f6]
V  [jvm.dll+0x851f6b]
V  [jvm.dll+0x6cc7dd]
C  [ucrtbase.dll+0x37b0]
C  [KERNEL32.DLL+0x2e8d7]
C  [ntdll.dll+0xb14fc]


---------------  P R O C E S S  ---------------

Threads class SMR info:
_java_thread_list=0x000002301e105b10, length=70, elements={
0x0000022fbac995d0, 0x0000022fd377bff0, 0x0000022fd377f4d0, 0x0000022fd37814c0,
0x0000022fd3782110, 0x0000022fd3782d60, 0x0000022fd37872a0, 0x0000022fd3794a50,
0x0000022fd3798e70, 0x000002301630a7e0, 0x00000230165b56f0, 0x0000023016adc810,
0x00000230169fa920, 0x000002301b1bda20, 0x000002301b1be080, 0x000002301b324c60,
0x000002301b74b1d0, 0x0000023016d4c710, 0x0000023016d4ee70, 0x0000023016d4cda0,
0x0000023016d4dac0, 0x0000023016d4e7e0, 0x0000023016d4c080, 0x0000023016d4e150,
0x000002301d0d6ab0, 0x000002301d0d7e60, 0x000002301d0d5d90, 0x000002301d0d5070,
0x000002301d0d7140, 0x000002301d0d6420, 0x000002301d0d8b80, 0x000002301d0d5700,
0x000002301d0d84f0, 0x000002301d0da5c0, 0x000002301d0dc690, 0x000002301d0dac50,
0x000002301d0d9210, 0x000002301d0d98a0, 0x000002301d0db2e0, 0x000002301d0d9f30,
0x0000023016d4d430, 0x000002301ea19a00, 0x000002301ea19370, 0x000002301ea1b440,
0x000002301ea1adb0, 0x000002301ea17fc0, 0x000002301ea18650, 0x000002301ea18ce0,
0x000002301ea1c160, 0x000002301ea1ce80, 0x000002301ea1d510, 0x000002301ea1a090,
0x000002301ea1dba0, 0x000002301ea1c7f0, 0x000002301ea1a720, 0x000002301ea1e230,
0x000002301ea1f5e0, 0x000002301ea1e8c0, 0x000002301ea1ef50, 0x000002301f192080,
0x000002301f195b90, 0x000002301f1968b0, 0x000002301f193ac0, 0x000002301f194150,
0x000002301f1982f0, 0x000002301f197c60, 0x000002301f1975d0, 0x000002301d8940a0,
0x000002301f198980, 0x000002301d892c30
}

Java Threads: ( => current thread )
  0x0000022fbac995d0 JavaThread "main"                              [_thread_blocked, id=30016, stack(0x000000d6a4200000,0x000000d6a4300000) (1024K)]
  0x0000022fd377bff0 JavaThread "Reference Handler"          daemon [_thread_blocked, id=25872, stack(0x000000d6a4600000,0x000000d6a4700000) (1024K)]
  0x0000022fd377f4d0 JavaThread "Finalizer"                  daemon [_thread_blocked, id=22456, stack(0x000000d6a4700000,0x000000d6a4800000) (1024K)]
  0x0000022fd37814c0 JavaThread "Signal Dispatcher"          daemon [_thread_blocked, id=27416, stack(0x000000d6a4800000,0x000000d6a4900000) (1024K)]
  0x0000022fd3782110 JavaThread "Attach Listener"            daemon [_thread_blocked, id=28852, stack(0x000000d6a4900000,0x000000d6a4a00000) (1024K)]
  0x0000022fd3782d60 JavaThread "Service Thread"             daemon [_thread_blocked, id=13752, stack(0x000000d6a4a00000,0x000000d6a4b00000) (1024K)]
  0x0000022fd37872a0 JavaThread "Monitor Deflation Thread"   daemon [_thread_blocked, id=31040, stack(0x000000d6a4b00000,0x000000d6a4c00000) (1024K)]
=>0x0000022fd3794a50 JavaThread "C2 CompilerThread0"         daemon [_thread_in_native, id=32844, stack(0x000000d6a4c00000,0x000000d6a4d00000) (1024K)]
  0x0000022fd3798e70 JavaThread "C1 CompilerThread0"         daemon [_thread_blocked, id=24160, stack(0x000000d6a4d00000,0x000000d6a4e00000) (1024K)]
  0x000002301630a7e0 JavaThread "Common-Cleaner"             daemon [_thread_blocked, id=24564, stack(0x000000d6a4e00000,0x000000d6a4f00000) (1024K)]
  0x00000230165b56f0 JavaThread "Notification Thread"        daemon [_thread_blocked, id=19676, stack(0x000000d6a4f00000,0x000000d6a5000000) (1024K)]
  0x0000023016adc810 JavaThread "Active Thread: Equinox Container: 0cce85be-0bcd-4f01-8017-c441199990ce"        [_thread_blocked, id=28112, stack(0x000000d6a5000000,0x000000d6a5100000) (1024K)]
  0x00000230169fa920 JavaThread "Refresh Thread: Equinox Container: 0cce85be-0bcd-4f01-8017-c441199990ce" daemon [_thread_blocked, id=28424, stack(0x000000d6a5700000,0x000000d6a5800000) (1024K)]
  0x000002301b1bda20 JavaThread "Framework Event Dispatcher: Equinox Container: 0cce85be-0bcd-4f01-8017-c441199990ce" daemon [_thread_blocked, id=24112, stack(0x000000d6a5900000,0x000000d6a5a00000) (1024K)]
  0x000002301b1be080 JavaThread "Start Level: Equinox Container: 0cce85be-0bcd-4f01-8017-c441199990ce" daemon [_thread_blocked, id=29964, stack(0x000000d6a5a00000,0x000000d6a5b00000) (1024K)]
  0x000002301b324c60 JavaThread "Bundle File Closer"         daemon [_thread_blocked, id=24988, stack(0x000000d6a5c00000,0x000000d6a5d00000) (1024K)]
  0x000002301b74b1d0 JavaThread "SCR Component Actor"        daemon [_thread_blocked, id=27908, stack(0x000000d6a5d00000,0x000000d6a5e00000) (1024K)]
  0x0000023016d4c710 JavaThread "Worker-JM"                         [_thread_blocked, id=21060, stack(0x000000d6a5e00000,0x000000d6a5f00000) (1024K)]
  0x0000023016d4ee70 JavaThread "JNA Cleaner"                daemon [_thread_blocked, id=20416, stack(0x000000d6a5f00000,0x000000d6a6000000) (1024K)]
  0x0000023016d4cda0 JavaThread "Worker-0"                          [_thread_blocked, id=32728, stack(0x000000d6a6000000,0x000000d6a6100000) (1024K)]
  0x0000023016d4dac0 JavaThread "Worker-1"                          [_thread_blocked, id=25676, stack(0x000000d6a6100000,0x000000d6a6200000) (1024K)]
  0x0000023016d4e7e0 JavaThread "Worker-2"                          [_thread_blocked, id=19756, stack(0x000000d6a6300000,0x000000d6a6400000) (1024K)]
  0x0000023016d4c080 JavaThread "Java indexing"              daemon [_thread_blocked, id=2976, stack(0x000000d6a6400000,0x000000d6a6500000) (1024K)]
  0x0000023016d4e150 JavaThread "Worker-3"                          [_thread_blocked, id=32452, stack(0x000000d6a6800000,0x000000d6a6900000) (1024K)]
  0x000002301d0d6ab0 JavaThread "Worker-4: Send Classpath Notifications"        [_thread_blocked, id=2080, stack(0x000000d6a6900000,0x000000d6a6a00000) (1024K)]
  0x000002301d0d7e60 JavaThread "Thread-2"                   daemon [_thread_in_native, id=31612, stack(0x000000d6a6a00000,0x000000d6a6b00000) (1024K)]
  0x000002301d0d5d90 JavaThread "Thread-3"                   daemon [_thread_in_native, id=8872, stack(0x000000d6a6b00000,0x000000d6a6c00000) (1024K)]
  0x000002301d0d5070 JavaThread "Thread-4"                   daemon [_thread_in_native, id=30204, stack(0x000000d6a6c00000,0x000000d6a6d00000) (1024K)]
  0x000002301d0d7140 JavaThread "Thread-5"                   daemon [_thread_in_native, id=22904, stack(0x000000d6a6d00000,0x000000d6a6e00000) (1024K)]
  0x000002301d0d6420 JavaThread "Thread-6"                   daemon [_thread_in_native, id=33200, stack(0x000000d6a6e00000,0x000000d6a6f00000) (1024K)]
  0x000002301d0d8b80 JavaThread "Thread-7"                   daemon [_thread_in_native, id=25064, stack(0x000000d6a6f00000,0x000000d6a7000000) (1024K)]
  0x000002301d0d5700 JavaThread "Thread-8"                   daemon [_thread_in_native, id=30452, stack(0x000000d6a7000000,0x000000d6a7100000) (1024K)]
  0x000002301d0d84f0 JavaThread "Thread-9"                   daemon [_thread_in_native, id=30964, stack(0x000000d6a7100000,0x000000d6a7200000) (1024K)]
  0x000002301d0da5c0 JavaThread "Thread-10"                  daemon [_thread_in_native, id=18888, stack(0x000000d6a7200000,0x000000d6a7300000) (1024K)]
  0x000002301d0dc690 JavaThread "pool-2-thread-1"                   [_thread_blocked, id=33748, stack(0x000000d6a7300000,0x000000d6a7400000) (1024K)]
  0x000002301d0dac50 JavaThread "WorkspaceEventsHandler"            [_thread_blocked, id=10276, stack(0x000000d6a5b00000,0x000000d6a5c00000) (1024K)]
  0x000002301d0d9210 JavaThread "pool-1-thread-1"                   [_thread_blocked, id=9280, stack(0x000000d6a7400000,0x000000d6a7500000) (1024K)]
  0x000002301d0d98a0 JavaThread "Worker-5: Send Classpath Notifications"        [_thread_in_vm, id=28480, stack(0x000000d6a7500000,0x000000d6a7600000) (1024K)]
  0x000002301d0db2e0 JavaThread "LocalFile Deleter"          daemon [_thread_blocked, id=18012, stack(0x000000d6a7600000,0x000000d6a7700000) (1024K)]
  0x000002301d0d9f30 JavaThread "LocalFile Deleter"          daemon [_thread_blocked, id=31864, stack(0x000000d6a7700000,0x000000d6a7800000) (1024K)]
  0x0000023016d4d430 JavaThread "LocalFile Deleter"          daemon [_thread_blocked, id=11588, stack(0x000000d6a7800000,0x000000d6a7900000) (1024K)]
  0x000002301ea19a00 JavaThread "LocalFile Deleter"          daemon [_thread_blocked, id=23856, stack(0x000000d6a7900000,0x000000d6a7a00000) (1024K)]
  0x000002301ea19370 JavaThread "LocalFile Deleter"          daemon [_thread_blocked, id=32804, stack(0x000000d6a7a00000,0x000000d6a7b00000) (1024K)]
  0x000002301ea1b440 JavaThread "LocalFile Deleter"          daemon [_thread_blocked, id=13348, stack(0x000000d6a7b00000,0x000000d6a7c00000) (1024K)]
  0x000002301ea1adb0 JavaThread "LocalFile Deleter"          daemon [_thread_blocked, id=17040, stack(0x000000d6a7c00000,0x000000d6a7d00000) (1024K)]
  0x000002301ea17fc0 JavaThread "LocalFile Deleter"          daemon [_thread_blocked, id=30916, stack(0x000000d6a7d00000,0x000000d6a7e00000) (1024K)]
  0x000002301ea18650 JavaThread "Compiler Source File Reader" daemon [_thread_blocked, id=5160, stack(0x000000d6a7e00000,0x000000d6a7f00000) (1024K)]
  0x000002301ea18ce0 JavaThread "Compiler Source File Reader" daemon [_thread_blocked, id=33424, stack(0x000000d6a7f00000,0x000000d6a8000000) (1024K)]
  0x000002301ea1c160 JavaThread "Compiler Source File Reader" daemon [_thread_blocked, id=9272, stack(0x000000d6a8000000,0x000000d6a8100000) (1024K)]
  0x000002301ea1ce80 JavaThread "Compiler Source File Reader" daemon [_thread_blocked, id=25188, stack(0x000000d6a8100000,0x000000d6a8200000) (1024K)]
  0x000002301ea1d510 JavaThread "Compiler Source File Reader" daemon [_thread_blocked, id=31076, stack(0x000000d6a8200000,0x000000d6a8300000) (1024K)]
  0x000002301ea1a090 JavaThread "Compiler Source File Reader" daemon [_thread_blocked, id=27176, stack(0x000000d6a8300000,0x000000d6a8400000) (1024K)]
  0x000002301ea1dba0 JavaThread "Compiler Processing Task"   daemon [_thread_blocked, id=20960, stack(0x000000d6a8400000,0x000000d6a8500000) (1024K)]
  0x000002301ea1c7f0 JavaThread "Compiler Class File Writer" daemon [_thread_blocked, id=31824, stack(0x000000d6a8500000,0x000000d6a8600000) (1024K)]
  0x000002301ea1a720 JavaThread "Compiler Class File Writer" daemon [_thread_blocked, id=27940, stack(0x000000d6a8600000,0x000000d6a8700000) (1024K)]
  0x000002301ea1e230 JavaThread "Compiler Class File Writer" daemon [_thread_blocked, id=9120, stack(0x000000d6a8700000,0x000000d6a8800000) (1024K)]
  0x000002301ea1f5e0 JavaThread "Compiler Class File Writer" daemon [_thread_blocked, id=19764, stack(0x000000d6a8800000,0x000000d6a8900000) (1024K)]
  0x000002301ea1e8c0 JavaThread "Compiler Class File Writer" daemon [_thread_blocked, id=25544, stack(0x000000d6a8900000,0x000000d6a8a00000) (1024K)]
  0x000002301ea1ef50 JavaThread "Compiler Class File Writer" daemon [_thread_blocked, id=13692, stack(0x000000d6a8a00000,0x000000d6a8b00000) (1024K)]
  0x000002301f192080 JavaThread "Worker-6"                          [_thread_blocked, id=18692, stack(0x000000d6a6500000,0x000000d6a6600000) (1024K)]
  0x000002301f195b90 JavaThread "ForkJoinPool.commonPool-worker-1" daemon [_thread_blocked, id=26968, stack(0x000000d6a4000000,0x000000d6a4100000) (1024K)]
  0x000002301f1968b0 JavaThread "ForkJoinPool.commonPool-worker-2" daemon [_thread_blocked, id=30616, stack(0x000000d6a6200000,0x000000d6a6300000) (1024K)]
  0x000002301f193ac0 JavaThread "ForkJoinPool.commonPool-worker-3" daemon [_thread_blocked, id=10088, stack(0x000000d6a3f00000,0x000000d6a4000000) (1024K)]
  0x000002301f194150 JavaThread "ForkJoinPool.commonPool-worker-4" daemon [_thread_in_vm, id=10172, stack(0x000000d6a4100000,0x000000d6a4200000) (1024K)]
  0x000002301f1982f0 JavaThread "ForkJoinPool.commonPool-worker-5" daemon [_thread_blocked, id=26044, stack(0x000000d6a8b00000,0x000000d6a8c00000) (1024K)]
  0x000002301f197c60 JavaThread "ForkJoinPool.commonPool-worker-6" daemon [_thread_blocked, id=31512, stack(0x000000d6a8c00000,0x000000d6a8d00000) (1024K)]
  0x000002301f1975d0 JavaThread "ForkJoinPool.commonPool-worker-7" daemon [_thread_in_vm, id=17736, stack(0x000000d6a8d00000,0x000000d6a8e00000) (1024K)]
  0x000002301d8940a0 JavaThread "C2 CompilerThread1"         daemon [_thread_in_native, id=33496, stack(0x000000d6a8e00000,0x000000d6a8f00000) (1024K)]
  0x000002301f198980 JavaThread "Thread-12"                  daemon [_thread_in_vm, id=20344, stack(0x000000d6a8f00000,0x000000d6a9000000) (1024K)]
  0x000002301d892c30 JavaThread "C2 CompilerThread2"         daemon [_thread_blocked, id=23136, stack(0x000000d6a9000000,0x000000d6a9100000) (1024K)]
Total: 70

Other Threads:
  0x0000022fd375fc90 VMThread "VM Thread"                           [id=9604, stack(0x000000d6a4500000,0x000000d6a4600000) (1024K)] _threads_hazard_ptr=0x000002301e105b10
  0x0000022fbc6152e0 WatcherThread "VM Periodic Task Thread"        [id=27988, stack(0x000000d6a4400000,0x000000d6a4500000) (1024K)]
  0x0000022fbc5cad30 WorkerThread "GC Thread#0"                     [id=32400, stack(0x000000d6a4300000,0x000000d6a4400000) (1024K)]
  0x0000023016813060 WorkerThread "GC Thread#1"                     [id=28984, stack(0x000000d6a5100000,0x000000d6a5200000) (1024K)]
  0x0000023016da30c0 WorkerThread "GC Thread#2"                     [id=4160, stack(0x000000d6a5200000,0x000000d6a5300000) (1024K)]
  0x0000023016df2d80 WorkerThread "GC Thread#3"                     [id=24480, stack(0x000000d6a5300000,0x000000d6a5400000) (1024K)]
  0x0000023016df3120 WorkerThread "GC Thread#4"                     [id=22656, stack(0x000000d6a5400000,0x000000d6a5500000) (1024K)]
  0x0000023016df34c0 WorkerThread "GC Thread#5"                     [id=22072, stack(0x000000d6a5500000,0x000000d6a5600000) (1024K)]
  0x0000023016abaa40 WorkerThread "GC Thread#6"                     [id=24152, stack(0x000000d6a5600000,0x000000d6a5700000) (1024K)]
  0x000002301b1890c0 WorkerThread "GC Thread#7"                     [id=28388, stack(0x000000d6a5800000,0x000000d6a5900000) (1024K)]
Total: 10

Threads with active compile tasks:
C2 CompilerThread0  78532 14439  s!   4       org.eclipse.jdt.internal.core.index.DiskIndex::readCategoryTable (743 bytes)
C2 CompilerThread1  78532 14460       4       java.lang.ClassLoader::defineClass (43 bytes)
C2 CompilerThread2  78532 14519   !   4       org.eclipse.jdt.internal.core.NameLookup::seekModule (267 bytes)
Total: 3

VM state: synchronizing (normal execution)

VM Mutex/Monitor currently owned by a thread:  ([mutex/lock_event])
[0x00007ffca41cc308] Metaspace_lock - owner thread: 0x000002301f198980
[0x00007ffca41ce308] Threads_lock - owner thread: 0x0000022fd375fc90
[0x00007ffca41ce408] Heap_lock - owner thread: 0x000002301f197c60

Heap address: 0x0000000080000000, size: 2048 MB, Compressed Oops mode: 32-bit

CDS archive(s) mapped at: [0x0000022fd4000000-0x0000022fd4ba0000-0x0000022fd4ba0000), size 12189696, SharedBaseAddress: 0x0000022fd4000000, ArchiveRelocationMode: 1.
Compressed class space mapped at: 0x0000022fd5000000-0x0000023015000000, reserved size: 1073741824
Narrow klass base: 0x0000022fd4000000, Narrow klass shift: 0, Narrow klass range: 0x100000000

GC Precious Log:
 CardTable entry size: 512
 CPUs: 8 total, 8 available
 Memory: 12030M
 Large Page Support: Disabled
 NUMA Support: Disabled
 Compressed Oops: Enabled (32-bit)
 Alignments: Space 512K, Generation 512K, Heap 2M
 Heap Min Capacity: 100M
 Heap Initial Capacity: 100M
 Heap Max Capacity: 2G
 Pre-touch: Disabled
 Parallel Workers: 8

Heap:
 PSYoungGen      total 3584K, used 3252K [0x00000000d5580000, 0x00000000d5a00000, 0x0000000100000000)
  eden space 2560K, 100% used [0x00000000d5580000,0x00000000d5800000,0x00000000d5800000)
  from space 1024K, 67% used [0x00000000d5900000,0x00000000d59ad220,0x00000000d5a00000)
  to   space 1024K, 0% used [0x00000000d5800000,0x00000000d5800000,0x00000000d5900000)
 ParOldGen       total 848384K, used 848308K [0x0000000080000000, 0x00000000b3c80000, 0x00000000d5580000)
  object space 848384K, 99% used [0x0000000080000000,0x00000000b3c6d040,0x00000000b3c80000)
 Metaspace       used 68196K, committed 69760K, reserved 1114112K
  class space    used 6840K, committed 7616K, reserved 1048576K

Card table byte_map: [0x0000022fcead0000,0x0000022fceee0000] _byte_map_base: 0x0000022fce6d0000

Marking Bits: (ParMarkBitMap*) 0x00007ffca41d31f0
 Begin Bits: [0x0000022fcf190000, 0x0000022fd1190000)
 End Bits:   [0x0000022fd1190000, 0x0000022fd3190000)

Polling page: 0x0000022fbf8c0000

Metaspace:

Usage:
  Non-class:     59.92 MB used.
      Class:      6.68 MB used.
       Both:     66.60 MB used.

Virtual space:
  Non-class space:       64.00 MB reserved,      60.69 MB ( 95%) committed,  1 nodes.
      Class space:        1.00 GB reserved,       7.44 MB ( <1%) committed,  1 nodes.
             Both:        1.06 GB reserved,      68.12 MB (  6%) committed. 

Chunk freelists:
   Non-Class:  3.07 MB
       Class:  8.55 MB
        Both:  11.62 MB

MaxMetaspaceSize: unlimited
CompressedClassSpaceSize: 1.00 GB
Initial GC threshold: 21.00 MB
Current GC threshold: 97.31 MB
CDS: on
 - commit_granule_bytes: 65536.
 - commit_granule_words: 8192.
 - virtual_space_node_default_size: 8388608.
 - enlarge_chunks_in_place: 1.
 - use_allocation_guard: 0.


Internal statistics:

num_allocs_failed_limit: 9.
num_arena_births: 1342.
num_arena_deaths: 14.
num_vsnodes_births: 2.
num_vsnodes_deaths: 0.
num_space_committed: 1090.
num_space_uncommitted: 0.
num_chunks_returned_to_freelist: 23.
num_chunks_taken_from_freelist: 4681.
num_chunk_merges: 10.
num_chunk_splits: 2817.
num_chunks_enlarged: 1510.
num_inconsistent_stats: 0.

CodeHeap 'non-profiled nmethods': size=120000Kb used=13019Kb max_used=13019Kb free=106981Kb
 bounds [0x0000022fc73b0000, 0x0000022fc8070000, 0x0000022fce8e0000]
CodeHeap 'profiled nmethods': size=120000Kb used=34474Kb max_used=34474Kb free=85525Kb
 bounds [0x0000022fbf8e0000, 0x0000022fc1a90000, 0x0000022fc6e10000]
CodeHeap 'non-nmethods': size=5760Kb used=1464Kb max_used=1554Kb free=4295Kb
 bounds [0x0000022fc6e10000, 0x0000022fc7080000, 0x0000022fc73b0000]
 total_blobs=14447 nmethods=13677 adapters=674
 compilation: enabled
              stopped_count=0, restarted_count=0
 full_count=0

Compilation events (20 events):
Event: 77.303 Thread 0x0000022fd3798e70 nmethod 14485 0x0000022fc1a62f10 code [0x0000022fc1a63140, 0x0000022fc1a637a0]
Event: 77.303 Thread 0x0000022fd3798e70 14486       3       org.apache.commons.lang3.StringUtils::length (15 bytes)
Event: 77.303 Thread 0x0000022fd3798e70 nmethod 14486 0x0000022fc1a63990 code [0x0000022fc1a63b40, 0x0000022fc1a63d40]
Event: 77.305 Thread 0x0000022fd3798e70 14487   !   3       org.eclipse.osgi.internal.framework.BundleContextImpl::dispatchEvent (577 bytes)
Event: 77.313 Thread 0x0000022fd3798e70 nmethod 14487 0x0000022fc1a63e10 code [0x0000022fc1a64880, 0x0000022fc1a6a300]
Event: 77.334 Thread 0x0000022fd3798e70 14488       3       java.net.URI::needsNormalization (184 bytes)
Event: 77.339 Thread 0x0000022fd3798e70 nmethod 14488 0x0000022fc1a6d710 code [0x0000022fc1a6dba0, 0x0000022fc1a70378]
Event: 77.339 Thread 0x0000022fd3798e70 14489   !   3       org.eclipse.core.internal.registry.osgi.RegistryStrategyOSGI::getBundle (165 bytes)
Event: 77.342 Thread 0x0000022fd3798e70 nmethod 14489 0x0000022fc1a71290 code [0x0000022fc1a71620, 0x0000022fc1a73050]
Event: 77.342 Thread 0x0000022fd3798e70 14490       1       org.eclipse.osgi.internal.log.ExtendedLogServiceImpl::getFactory (5 bytes)
Event: 77.343 Thread 0x0000022fd3798e70 nmethod 14490 0x0000022fc8061490 code [0x0000022fc8061620, 0x0000022fc80616e8]
Event: 78.394 Thread 0x0000022fd3798e70 14491       3       org.eclipse.jdt.internal.compiler.impl.CompilerOptions::getSeverityString (49 bytes)
Event: 78.395 Thread 0x0000022fd3798e70 nmethod 14491 0x0000022fc1a73a10 code [0x0000022fc1a73c00, 0x0000022fc1a740f8]
Event: 78.397 Thread 0x0000022fd3798e70 14492       3       java.util.GregorianCalendar::getWeekNumber (89 bytes)
Event: 78.398 Thread 0x0000022fd3798e70 nmethod 14492 0x0000022fc1a74310 code [0x0000022fc1a744e0, 0x0000022fc1a74940]
Event: 78.398 Thread 0x0000022fd3798e70 14493       3       sun.util.calendar.AbstractCalendar::getDayOfWeekDateOnOrBefore (31 bytes)
Event: 78.398 Thread 0x0000022fd3798e70 nmethod 14493 0x0000022fc1a74b10 code [0x0000022fc1a74cc0, 0x0000022fc1a74ea0]
Event: 78.398 Thread 0x0000022fd3798e70 14494       3       org.eclipse.core.internal.localstore.FileStoreRoot::getManager (85 bytes)
Event: 78.399 Thread 0x000002301d8940a0 nmethod 14479 0x0000022fc8061790 code [0x0000022fc8061b20, 0x0000022fc8064020]
Event: 78.399 Thread 0x000002301d8940a0 14482       4       org.eclipse.jdt.core.compiler.CharOperation::prefixEquals (36 bytes)

GC Heap History (20 events):
Event: 76.989 GC heap before
{Heap before GC invocations=2071 (full 3):
 PSYoungGen      total 4096K, used 3441K [0x00000000d5580000, 0x00000000d5a80000, 0x0000000100000000)
  eden space 2560K, 99% used [0x00000000d5580000,0x00000000d57fffe8,0x00000000d5800000)
  from space 1536K, 57% used [0x00000000d5800000,0x00000000d58dc808,0x00000000d5980000)
  to   space 1024K, 0% used [0x00000000d5980000,0x00000000d5980000,0x00000000d5a80000)
 ParOldGen       total 833024K, used 832721K [0x0000000080000000, 0x00000000b2d80000, 0x00000000d5580000)
  object space 833024K, 99% used [0x0000000080000000,0x00000000b2d34650,0x00000000b2d80000)
 Metaspace       used 67757K, committed 69248K, reserved 1114112K
  class space    used 6781K, committed 7488K, reserved 1048576K
}
Event: 76.994 GC heap after
{Heap after GC invocations=2071 (full 3):
 PSYoungGen      total 2560K, used 992K [0x00000000d5580000, 0x00000000d5d00000, 0x0000000100000000)
  eden space 1536K, 0% used [0x00000000d5580000,0x00000000d5580000,0x00000000d5700000)
  from space 1024K, 96% used [0x00000000d5980000,0x00000000d5a78370,0x00000000d5a80000)
  to   space 2560K, 0% used [0x00000000d5700000,0x00000000d5700000,0x00000000d5980000)
 ParOldGen       total 834048K, used 833734K [0x0000000080000000, 0x00000000b2e80000, 0x00000000d5580000)
  object space 834048K, 99% used [0x0000000080000000,0x00000000b2e31b80,0x00000000b2e80000)
 Metaspace       used 67757K, committed 69248K, reserved 1114112K
  class space    used 6781K, committed 7488K, reserved 1048576K
}
Event: 77.014 GC heap before
{Heap before GC invocations=2072 (full 3):
 PSYoungGen      total 2560K, used 2528K [0x00000000d5580000, 0x00000000d5d00000, 0x0000000100000000)
  eden space 1536K, 100% used [0x00000000d5580000,0x00000000d5700000,0x00000000d5700000)
  from space 1024K, 96% used [0x00000000d5980000,0x00000000d5a78370,0x00000000d5a80000)
  to   space 2560K, 0% used [0x00000000d5700000,0x00000000d5700000,0x00000000d5980000)
 ParOldGen       total 834048K, used 833734K [0x0000000080000000, 0x00000000b2e80000, 0x00000000d5580000)
  object space 834048K, 99% used [0x0000000080000000,0x00000000b2e31b80,0x00000000b2e80000)
 Metaspace       used 67765K, committed 69248K, reserved 1114112K
  class space    used 6782K, committed 7488K, reserved 1048576K
}
Event: 77.017 GC heap after
{Heap after GC invocations=2072 (full 3):
 PSYoungGen      total 3072K, used 1440K [0x00000000d5580000, 0x00000000d5b00000, 0x0000000100000000)
  eden space 1536K, 0% used [0x00000000d5580000,0x00000000d5580000,0x00000000d5700000)
  from space 1536K, 93% used [0x00000000d5700000,0x00000000d5868000,0x00000000d5880000)
  to   space 2048K, 0% used [0x00000000d5900000,0x00000000d5900000,0x00000000d5b00000)
 ParOldGen       total 835072K, used 834655K [0x0000000080000000, 0x00000000b2f80000, 0x00000000d5580000)
  object space 835072K, 99% used [0x0000000080000000,0x00000000b2f17f40,0x00000000b2f80000)
 Metaspace       used 67765K, committed 69248K, reserved 1114112K
  class space    used 6782K, committed 7488K, reserved 1048576K
}
Event: 77.078 GC heap before
{Heap before GC invocations=2073 (full 3):
 PSYoungGen      total 3072K, used 2976K [0x00000000d5580000, 0x00000000d5b00000, 0x0000000100000000)
  eden space 1536K, 100% used [0x00000000d5580000,0x00000000d5700000,0x00000000d5700000)
  from space 1536K, 93% used [0x00000000d5700000,0x00000000d5868000,0x00000000d5880000)
  to   space 2048K, 0% used [0x00000000d5900000,0x00000000d5900000,0x00000000d5b00000)
 ParOldGen       total 835072K, used 834655K [0x0000000080000000, 0x00000000b2f80000, 0x00000000d5580000)
  object space 835072K, 99% used [0x0000000080000000,0x00000000b2f17f40,0x00000000b2f80000)
 Metaspace       used 67775K, committed 69248K, reserved 1114112K
  class space    used 6786K, committed 7488K, reserved 1048576K
}
Event: 77.082 GC heap after
{Heap after GC invocations=2073 (full 3):
 PSYoungGen      total 3072K, used 1504K [0x00000000d5580000, 0x00000000d5a80000, 0x0000000100000000)
  eden space 1536K, 0% used [0x00000000d5580000,0x00000000d5580000,0x00000000d5700000)
  from space 1536K, 97% used [0x00000000d5900000,0x00000000d5a78000,0x00000000d5a80000)
  to   space 1536K, 0% used [0x00000000d5700000,0x00000000d5700000,0x00000000d5880000)
 ParOldGen       total 836096K, used 836015K [0x0000000080000000, 0x00000000b3080000, 0x00000000d5580000)
  object space 836096K, 99% used [0x0000000080000000,0x00000000b306bf40,0x00000000b3080000)
 Metaspace       used 67775K, committed 69248K, reserved 1114112K
  class space    used 6786K, committed 7488K, reserved 1048576K
}
Event: 77.098 GC heap before
{Heap before GC invocations=2074 (full 3):
 PSYoungGen      total 3072K, used 3040K [0x00000000d5580000, 0x00000000d5a80000, 0x0000000100000000)
  eden space 1536K, 100% used [0x00000000d5580000,0x00000000d5700000,0x00000000d5700000)
  from space 1536K, 97% used [0x00000000d5900000,0x00000000d5a78000,0x00000000d5a80000)
  to   space 1536K, 0% used [0x00000000d5700000,0x00000000d5700000,0x00000000d5880000)
 ParOldGen       total 836096K, used 836015K [0x0000000080000000, 0x00000000b3080000, 0x00000000d5580000)
  object space 836096K, 99% used [0x0000000080000000,0x00000000b306bf40,0x00000000b3080000)
 Metaspace       used 67776K, committed 69248K, reserved 1114112K
  class space    used 6786K, committed 7488K, reserved 1048576K
}
Event: 77.103 GC heap after
{Heap after GC invocations=2074 (full 3):
 PSYoungGen      total 3072K, used 1472K [0x00000000d5580000, 0x00000000d5a00000, 0x0000000100000000)
  eden space 1536K, 0% used [0x00000000d5580000,0x00000000d5580000,0x00000000d5700000)
  from space 1536K, 95% used [0x00000000d5700000,0x00000000d5870000,0x00000000d5880000)
  to   space 1536K, 0% used [0x00000000d5880000,0x00000000d5880000,0x00000000d5a00000)
 ParOldGen       total 837632K, used 837363K [0x0000000080000000, 0x00000000b3200000, 0x00000000d5580000)
  object space 837632K, 99% used [0x0000000080000000,0x00000000b31bcf60,0x00000000b3200000)
 Metaspace       used 67776K, committed 69248K, reserved 1114112K
  class space    used 6786K, committed 7488K, reserved 1048576K
}
Event: 77.127 GC heap before
{Heap before GC invocations=2075 (full 3):
 PSYoungGen      total 3072K, used 3008K [0x00000000d5580000, 0x00000000d5a00000, 0x0000000100000000)
  eden space 1536K, 100% used [0x00000000d5580000,0x00000000d5700000,0x00000000d5700000)
  from space 1536K, 95% used [0x00000000d5700000,0x00000000d5870000,0x00000000d5880000)
  to   space 1536K, 0% used [0x00000000d5880000,0x00000000d5880000,0x00000000d5a00000)
 ParOldGen       total 837632K, used 837363K [0x0000000080000000, 0x00000000b3200000, 0x00000000d5580000)
  object space 837632K, 99% used [0x0000000080000000,0x00000000b31bcf60,0x00000000b3200000)
 Metaspace       used 67790K, committed 69312K, reserved 1114112K
  class space    used 6787K, committed 7488K, reserved 1048576K
}
Event: 77.131 GC heap after
{Heap after GC invocations=2075 (full 3):
 PSYoungGen      total 3072K, used 1298K [0x00000000d5580000, 0x00000000d5a00000, 0x0000000100000000)
  eden space 1536K, 0% used [0x00000000d5580000,0x00000000d5580000,0x00000000d5700000)
  from space 1536K, 84% used [0x00000000d5880000,0x00000000d59c48b8,0x00000000d5a00000)
  to   space 1536K, 0% used [0x00000000d5700000,0x00000000d5700000,0x00000000d5880000)
 ParOldGen       total 839168K, used 838780K [0x0000000080000000, 0x00000000b3380000, 0x00000000d5580000)
  object space 839168K, 99% used [0x0000000080000000,0x00000000b331f340,0x00000000b3380000)
 Metaspace       used 67790K, committed 69312K, reserved 1114112K
  class space    used 6787K, committed 7488K, reserved 1048576K
}
Event: 77.150 GC heap before
{Heap before GC invocations=2076 (full 3):
 PSYoungGen      total 3072K, used 2833K [0x00000000d5580000, 0x00000000d5a00000, 0x0000000100000000)
  eden space 1536K, 99% used [0x00000000d5580000,0x00000000d56ffd38,0x00000000d5700000)
  from space 1536K, 84% used [0x00000000d5880000,0x00000000d59c48b8,0x00000000d5a00000)
  to   space 1536K, 0% used [0x00000000d5700000,0x00000000d5700000,0x00000000d5880000)
 ParOldGen       total 839168K, used 838780K [0x0000000080000000, 0x00000000b3380000, 0x00000000d5580000)
  object space 839168K, 99% used [0x0000000080000000,0x00000000b331f340,0x00000000b3380000)
 Metaspace       used 67790K, committed 69312K, reserved 1114112K
  class space    used 6787K, committed 7488K, reserved 1048576K
}
Event: 77.152 GC heap after
{Heap after GC invocations=2076 (full 3):
 PSYoungGen      total 3072K, used 1429K [0x00000000d5580000, 0x00000000d5a00000, 0x0000000100000000)
  eden space 1536K, 0% used [0x00000000d5580000,0x00000000d5580000,0x00000000d5700000)
  from space 1536K, 93% used [0x00000000d5700000,0x00000000d58657d0,0x00000000d5880000)
  to   space 1536K, 0% used [0x00000000d5880000,0x00000000d5880000,0x00000000d5a00000)
 ParOldGen       total 840192K, used 840069K [0x0000000080000000, 0x00000000b3480000, 0x00000000d5580000)
  object space 840192K, 99% used [0x0000000080000000,0x00000000b3461650,0x00000000b3480000)
 Metaspace       used 67790K, committed 69312K, reserved 1114112K
  class space    used 6787K, committed 7488K, reserved 1048576K
}
Event: 77.224 GC heap before
{Heap before GC invocations=2077 (full 3):
 PSYoungGen      total 3072K, used 2965K [0x00000000d5580000, 0x00000000d5a00000, 0x0000000100000000)
  eden space 1536K, 99% used [0x00000000d5580000,0x00000000d56fffe8,0x00000000d5700000)
  from space 1536K, 93% used [0x00000000d5700000,0x00000000d58657d0,0x00000000d5880000)
  to   space 1536K, 0% used [0x00000000d5880000,0x00000000d5880000,0x00000000d5a00000)
 ParOldGen       total 840192K, used 840069K [0x0000000080000000, 0x00000000b3480000, 0x00000000d5580000)
  object space 840192K, 99% used [0x0000000080000000,0x00000000b3461650,0x00000000b3480000)
 Metaspace       used 67818K, committed 69376K, reserved 1114112K
  class space    used 6790K, committed 7552K, reserved 1048576K
}
Event: 77.229 GC heap after
{Heap after GC invocations=2077 (full 3):
 PSYoungGen      total 3072K, used 1152K [0x00000000d5580000, 0x00000000d5a00000, 0x0000000100000000)
  eden space 1536K, 0% used [0x00000000d5580000,0x00000000d5580000,0x00000000d5700000)
  from space 1536K, 75% used [0x00000000d5880000,0x00000000d59a0000,0x00000000d5a00000)
  to   space 1536K, 0% used [0x00000000d5700000,0x00000000d5700000,0x00000000d5880000)
 ParOldGen       total 841728K, used 841443K [0x0000000080000000, 0x00000000b3600000, 0x00000000d5580000)
  object space 841728K, 99% used [0x0000000080000000,0x00000000b35b8e20,0x00000000b3600000)
 Metaspace       used 67818K, committed 69376K, reserved 1114112K
  class space    used 6790K, committed 7552K, reserved 1048576K
}
Event: 77.280 GC heap before
{Heap before GC invocations=2078 (full 3):
 PSYoungGen      total 3072K, used 2688K [0x00000000d5580000, 0x00000000d5a00000, 0x0000000100000000)
  eden space 1536K, 100% used [0x00000000d5580000,0x00000000d5700000,0x00000000d5700000)
  from space 1536K, 75% used [0x00000000d5880000,0x00000000d59a0000,0x00000000d5a00000)
  to   space 1536K, 0% used [0x00000000d5700000,0x00000000d5700000,0x00000000d5880000)
 ParOldGen       total 841728K, used 841443K [0x0000000080000000, 0x00000000b3600000, 0x00000000d5580000)
  object space 841728K, 99% used [0x0000000080000000,0x00000000b35b8e20,0x00000000b3600000)
 Metaspace       used 67833K, committed 69376K, reserved 1114112K
  class space    used 6794K, committed 7552K, reserved 1048576K
}
Event: 77.284 GC heap after
{Heap after GC invocations=2078 (full 3):
 PSYoungGen      total 3072K, used 1139K [0x00000000d5580000, 0x00000000d5a00000, 0x0000000100000000)
  eden space 1536K, 0% used [0x00000000d5580000,0x00000000d5580000,0x00000000d5700000)
  from space 1536K, 74% used [0x00000000d5700000,0x00000000d581cef0,0x00000000d5880000)
  to   space 1536K, 0% used [0x00000000d5880000,0x00000000d5880000,0x00000000d5a00000)
 ParOldGen       total 842752K, used 842524K [0x0000000080000000, 0x00000000b3700000, 0x00000000d5580000)
  object space 842752K, 99% used [0x0000000080000000,0x00000000b36c7000,0x00000000b3700000)
 Metaspace       used 67833K, committed 69376K, reserved 1114112K
  class space    used 6794K, committed 7552K, reserved 1048576K
}
Event: 77.358 GC heap before
{Heap before GC invocations=2079 (full 3):
 PSYoungGen      total 3072K, used 2675K [0x00000000d5580000, 0x00000000d5a00000, 0x0000000100000000)
  eden space 1536K, 99% used [0x00000000d5580000,0x00000000d56fffe8,0x00000000d5700000)
  from space 1536K, 74% used [0x00000000d5700000,0x00000000d581cef0,0x00000000d5880000)
  to   space 1536K, 0% used [0x00000000d5880000,0x00000000d5880000,0x00000000d5a00000)
 ParOldGen       total 842752K, used 842524K [0x0000000080000000, 0x00000000b3700000, 0x00000000d5580000)
  object space 842752K, 99% used [0x0000000080000000,0x00000000b36c7000,0x00000000b3700000)
 Metaspace       used 67960K, committed 69504K, reserved 1114112K
  class space    used 6809K, committed 7552K, reserved 1048576K
}
Event: 77.363 GC heap after
{Heap after GC invocations=2079 (full 3):
 PSYoungGen      total 2048K, used 352K [0x00000000d5580000, 0x00000000d5900000, 0x0000000100000000)
  eden space 1536K, 0% used [0x00000000d5580000,0x00000000d5580000,0x00000000d5700000)
  from space 512K, 68% used [0x00000000d5880000,0x00000000d58d8000,0x00000000d5900000)
  to   space 1024K, 0% used [0x00000000d5700000,0x00000000d5700000,0x00000000d5800000)
 ParOldGen       total 843776K, used 843585K [0x0000000080000000, 0x00000000b3800000, 0x00000000d5580000)
  object space 843776K, 99% used [0x0000000080000000,0x00000000b37d0618,0x00000000b3800000)
 Metaspace       used 67960K, committed 69504K, reserved 1114112K
  class space    used 6809K, committed 7552K, reserved 1048576K
}
Event: 77.366 GC heap before
{Heap before GC invocations=2080 (full 3):
 PSYoungGen      total 2048K, used 1888K [0x00000000d5580000, 0x00000000d5900000, 0x0000000100000000)
  eden space 1536K, 100% used [0x00000000d5580000,0x00000000d5700000,0x00000000d5700000)
  from space 512K, 68% used [0x00000000d5880000,0x00000000d58d8000,0x00000000d5900000)
  to   space 1024K, 0% used [0x00000000d5700000,0x00000000d5700000,0x00000000d5800000)
 ParOldGen       total 843776K, used 843585K [0x0000000080000000, 0x00000000b3800000, 0x00000000d5580000)
  object space 843776K, 99% used [0x0000000080000000,0x00000000b37d0618,0x00000000b3800000)
 Metaspace       used 67968K, committed 69504K, reserved 1114112K
  class space    used 6812K, committed 7552K, reserved 1048576K
}
Event: 78.393 GC heap after
{Heap after GC invocations=2080 (full 3):
 PSYoungGen      total 2560K, used 224K [0x00000000d5580000, 0x00000000d5900000, 0x0000000100000000)
  eden space 1536K, 0% used [0x00000000d5580000,0x00000000d5580000,0x00000000d5700000)
  from space 1024K, 21% used [0x00000000d5700000,0x00000000d5738000,0x00000000d5800000)
  to   space 512K, 0% used [0x00000000d5880000,0x00000000d5880000,0x00000000d5900000)
 ParOldGen       total 848384K, used 847783K [0x0000000080000000, 0x00000000b3c80000, 0x00000000d5580000)
  object space 848384K, 99% used [0x0000000080000000,0x00000000b3be9c98,0x00000000b3c80000)
 Metaspace       used 67968K, committed 69504K, reserved 1114112K
  class space    used 6812K, committed 7552K, reserved 1048576K
}

Dll operation events (10 events):
Event: 0.033 Loaded shared library c:\Users\lenevo\.vscode\extensions\redhat.java-1.43.1-win32-x64\jre\21.0.7-win32-x86_64\bin\java.dll
Event: 0.181 Loaded shared library c:\Users\lenevo\.vscode\extensions\redhat.java-1.43.1-win32-x64\jre\21.0.7-win32-x86_64\bin\zip.dll
Event: 0.249 Loaded shared library C:\Users\lenevo\.vscode\extensions\redhat.java-1.43.1-win32-x64\jre\21.0.7-win32-x86_64\bin\instrument.dll
Event: 0.262 Loaded shared library C:\Users\lenevo\.vscode\extensions\redhat.java-1.43.1-win32-x64\jre\21.0.7-win32-x86_64\bin\net.dll
Event: 0.268 Loaded shared library C:\Users\lenevo\.vscode\extensions\redhat.java-1.43.1-win32-x64\jre\21.0.7-win32-x86_64\bin\nio.dll
Event: 0.277 Loaded shared library C:\Users\lenevo\.vscode\extensions\redhat.java-1.43.1-win32-x64\jre\21.0.7-win32-x86_64\bin\zip.dll
Event: 0.310 Loaded shared library C:\Users\lenevo\.vscode\extensions\redhat.java-1.43.1-win32-x64\jre\21.0.7-win32-x86_64\bin\jimage.dll
Event: 0.522 Loaded shared library c:\Users\lenevo\.vscode\extensions\redhat.java-1.43.1-win32-x64\jre\21.0.7-win32-x86_64\bin\verify.dll
Event: 3.772 Loaded shared library C:\Users\lenevo\AppData\Roaming\Code\User\globalStorage\redhat.java\1.43.1\config_win\org.eclipse.equinox.launcher\org.eclipse.equinox.launcher.win32.win32.x86_64_1.2.1300.v20250331-1702\eclipse_11911.dll
Event: 7.889 Loaded shared library C:\Users\lenevo\AppData\Local\Temp\jna--1106365527\jna12638462723159360694.dll

Deoptimization events (20 events):
Event: 77.166 Thread 0x000002301f197c60 Uncommon trap: trap_request=0xffffff45 fr.pc=0x0000022fc7630dc4 relative=0x0000000000000284
Event: 77.166 Thread 0x000002301f197c60 Uncommon trap: reason=unstable_if action=reinterpret pc=0x0000022fc7630dc4 method=org.eclipse.osgi.internal.framework.BundleContextImpl.setContextFinder()Ljava/lang/Object; @ 36 c2
Event: 77.166 Thread 0x000002301f197c60 DEOPT PACKING pc=0x0000022fc7630dc4 sp=0x000000d6a8cfdf40
Event: 77.166 Thread 0x000002301f197c60 DEOPT UNPACKING pc=0x0000022fc6e66da2 sp=0x000000d6a8cfdef8 mode 2
Event: 77.198 Thread 0x000002301f193ac0 Uncommon trap: trap_request=0xffffff45 fr.pc=0x0000022fc74cf3d8 relative=0x00000000000006b8
Event: 77.198 Thread 0x000002301f193ac0 Uncommon trap: reason=unstable_if action=reinterpret pc=0x0000022fc74cf3d8 method=java.util.concurrent.locks.ReentrantReadWriteLock$Sync.tryAcquireShared(I)I @ 55 c2
Event: 77.198 Thread 0x000002301f193ac0 DEOPT PACKING pc=0x0000022fc74cf3d8 sp=0x000000d6a3ffdcd0
Event: 77.198 Thread 0x000002301f193ac0 DEOPT UNPACKING pc=0x0000022fc6e66da2 sp=0x000000d6a3ffdad0 mode 2
Event: 77.198 Thread 0x000002301f197c60 Uncommon trap: trap_request=0xffffff45 fr.pc=0x0000022fc7763588 relative=0x0000000000000228
Event: 77.198 Thread 0x000002301f197c60 Uncommon trap: reason=unstable_if action=reinterpret pc=0x0000022fc7763588 method=java.util.concurrent.locks.ReentrantReadWriteLock$Sync.tryAcquireShared(I)I @ 55 c2
Event: 77.198 Thread 0x000002301f197c60 DEOPT PACKING pc=0x0000022fc7763588 sp=0x000000d6a8cfdb60
Event: 77.198 Thread 0x000002301f197c60 DEOPT UNPACKING pc=0x0000022fc6e66da2 sp=0x000000d6a8cfd9c0 mode 2
Event: 77.232 Thread 0x000002301f193ac0 Uncommon trap: trap_request=0xffffff45 fr.pc=0x0000022fc7a54358 relative=0x0000000000000358
Event: 77.232 Thread 0x000002301f193ac0 Uncommon trap: reason=unstable_if action=reinterpret pc=0x0000022fc7a54358 method=java.lang.Class.annotationData()Ljava/lang/Class$AnnotationData; @ 36 c2
Event: 77.232 Thread 0x000002301f193ac0 DEOPT PACKING pc=0x0000022fc7a54358 sp=0x000000d6a3ffe670
Event: 77.232 Thread 0x000002301f193ac0 DEOPT UNPACKING pc=0x0000022fc6e66da2 sp=0x000000d6a3ffe5a8 mode 2
Event: 77.234 Thread 0x000002301f194150 DEOPT PACKING pc=0x0000022fc1a4cdd6 sp=0x000000d6a41feaa0
Event: 77.234 Thread 0x000002301f194150 DEOPT UNPACKING pc=0x0000022fc6e678e2 sp=0x000000d6a41fe040 mode 0
Event: 77.285 Thread 0x000002301f197c60 DEOPT PACKING pc=0x0000022fc1a4cdd6 sp=0x000000d6a8cfeb70
Event: 77.285 Thread 0x000002301f197c60 DEOPT UNPACKING pc=0x0000022fc6e678e2 sp=0x000000d6a8cfe0e8 mode 0

Classes loaded (20 events):
Event: 51.324 Loading class sun/nio/fs/WindowsFileCopy done
Event: 51.592 Loading class org/xml/sax/SAXNotRecognizedException
Event: 51.592 Loading class org/xml/sax/SAXNotRecognizedException done
Event: 51.593 Loading class org/xml/sax/SAXNotSupportedException
Event: 51.598 Loading class org/xml/sax/SAXNotSupportedException done
Event: 51.620 Loading class com/sun/org/apache/xerces/internal/util/URI
Event: 51.623 Loading class com/sun/org/apache/xerces/internal/util/URI done
Event: 51.633 Loading class com/sun/org/apache/xerces/internal/xni/XNIException
Event: 51.633 Loading class com/sun/org/apache/xerces/internal/xni/XNIException done
Event: 51.646 Loading class com/sun/org/apache/xerces/internal/xni/parser/XMLParseException
Event: 51.646 Loading class com/sun/org/apache/xerces/internal/xni/parser/XMLParseException done
Event: 77.304 Loading class jdk/internal/event/SecurityPropertyModificationEvent
Event: 77.304 Loading class jdk/internal/event/SecurityPropertyModificationEvent done
Event: 78.394 Loading class javax/crypto/spec/IvParameterSpec
Event: 78.394 Loading class javax/crypto/spec/IvParameterSpec done
Event: 78.395 Loading class javax/crypto/spec/SecretKeySpec
Event: 78.398 Loading class javax/crypto/spec/SecretKeySpec done
Event: 78.398 Loading class jdk/internal/access/JavaxCryptoSpecAccess
Event: 78.398 Loading class jdk/internal/access/JavaxCryptoSpecAccess done
Event: 78.399 Loading class javax/crypto/Cipher

Classes unloaded (7 events):
Event: 11.452 Thread 0x0000022fd375fc90 Unloading class 0x0000022fd519d000 'java/lang/invoke/LambdaForm$MH+0x0000022fd519d000'
Event: 11.452 Thread 0x0000022fd375fc90 Unloading class 0x0000022fd519cc00 'java/lang/invoke/LambdaForm$MH+0x0000022fd519cc00'
Event: 11.452 Thread 0x0000022fd375fc90 Unloading class 0x0000022fd519c800 'java/lang/invoke/LambdaForm$MH+0x0000022fd519c800'
Event: 11.452 Thread 0x0000022fd375fc90 Unloading class 0x0000022fd519c400 'java/lang/invoke/LambdaForm$MH+0x0000022fd519c400'
Event: 11.452 Thread 0x0000022fd375fc90 Unloading class 0x0000022fd519c000 'java/lang/invoke/LambdaForm$BMH+0x0000022fd519c000'
Event: 11.452 Thread 0x0000022fd375fc90 Unloading class 0x0000022fd519bc00 'java/lang/invoke/LambdaForm$DMH+0x0000022fd519bc00'
Event: 11.452 Thread 0x0000022fd375fc90 Unloading class 0x0000022fd519a800 'java/lang/invoke/LambdaForm$DMH+0x0000022fd519a800'

Classes redefined (0 events):
No events

Internal exceptions (20 events):
Event: 74.479 Thread 0x0000023016d4c080 Exception <a 'sun/nio/fs/WindowsException'{0x00000000d565f670}> (0x00000000d565f670) 
thrown [s\src\hotspot\share\prims\jni.cpp, line 520]
Event: 74.498 Thread 0x0000023016d4c080 Exception <a 'sun/nio/fs/WindowsException'{0x00000000d567b6a8}> (0x00000000d567b6a8) 
thrown [s\src\hotspot\share\prims\jni.cpp, line 520]
Event: 74.580 Thread 0x0000023016d4c080 Exception <a 'sun/nio/fs/WindowsException'{0x00000000d55d82f8}> (0x00000000d55d82f8) 
thrown [s\src\hotspot\share\prims\jni.cpp, line 520]
Event: 74.736 Thread 0x0000023016d4c080 Exception <a 'sun/nio/fs/WindowsException'{0x00000000d5731018}> (0x00000000d5731018) 
thrown [s\src\hotspot\share\prims\jni.cpp, line 520]
Event: 74.773 Thread 0x0000023016d4c080 Exception <a 'sun/nio/fs/WindowsException'{0x00000000d57d8950}> (0x00000000d57d8950) 
thrown [s\src\hotspot\share\prims\jni.cpp, line 520]
Event: 74.813 Thread 0x0000023016d4c080 Exception <a 'sun/nio/fs/WindowsException'{0x00000000d561c658}> (0x00000000d561c658) 
thrown [s\src\hotspot\share\prims\jni.cpp, line 520]
Event: 74.852 Thread 0x0000023016d4c080 Exception <a 'sun/nio/fs/WindowsException'{0x00000000d57ac0e8}> (0x00000000d57ac0e8) 
thrown [s\src\hotspot\share\prims\jni.cpp, line 520]
Event: 74.985 Thread 0x0000023016d4c080 Exception <a 'sun/nio/fs/WindowsException'{0x00000000d56911c8}> (0x00000000d56911c8) 
thrown [s\src\hotspot\share\prims\jni.cpp, line 520]
Event: 75.082 Thread 0x0000023016d4c080 Exception <a 'sun/nio/fs/WindowsException'{0x00000000d57539d0}> (0x00000000d57539d0) 
thrown [s\src\hotspot\share\prims\jni.cpp, line 520]
Event: 75.304 Thread 0x0000023016d4c080 Exception <a 'sun/nio/fs/WindowsException'{0x00000000d56de408}> (0x00000000d56de408) 
thrown [s\src\hotspot\share\prims\jni.cpp, line 520]
Event: 75.369 Thread 0x0000023016d4c080 Exception <a 'sun/nio/fs/WindowsException'{0x00000000d5649fb0}> (0x00000000d5649fb0) 
thrown [s\src\hotspot\share\prims\jni.cpp, line 520]
Event: 75.410 Thread 0x0000023016d4c080 Exception <a 'sun/nio/fs/WindowsException'{0x00000000d55c2570}> (0x00000000d55c2570) 
thrown [s\src\hotspot\share\prims\jni.cpp, line 520]
Event: 75.460 Thread 0x0000023016d4c080 Exception <a 'sun/nio/fs/WindowsException'{0x00000000d55bea00}> (0x00000000d55bea00) 
thrown [s\src\hotspot\share\prims\jni.cpp, line 520]
Event: 75.520 Thread 0x0000023016d4c080 Exception <a 'sun/nio/fs/WindowsException'{0x00000000d55a8a00}> (0x00000000d55a8a00) 
thrown [s\src\hotspot\share\prims\jni.cpp, line 520]
Event: 75.536 Thread 0x0000023016d4c080 Exception <a 'sun/nio/fs/WindowsException'{0x00000000d55c7ff8}> (0x00000000d55c7ff8) 
thrown [s\src\hotspot\share\prims\jni.cpp, line 520]
Event: 75.565 Thread 0x0000023016d4c080 Implicit null exception at 0x0000022fc791b0a2 to 0x0000022fc791e214
Event: 76.985 Thread 0x000002301d0d9210 Exception <a 'java/lang/IncompatibleClassChangeError'{0x00000000d57961f0}: Found class java.lang.Object, but interface was expected> (0x00000000d57961f0) 
thrown [s\src\hotspot\share\interpreter\linkResolver.cpp, line 840]
Event: 77.020 Thread 0x000002301d0d9210 Exception <a 'java/lang/IncompatibleClassChangeError'{0x00000000d55b8dd0}: Found class java.lang.Object, but interface was expected> (0x00000000d55b8dd0) 
thrown [s\src\hotspot\share\interpreter\linkResolver.cpp, line 840]
Event: 77.337 Thread 0x000002301f1982f0 Exception <a 'java/lang/NoSuchMethodError'{0x00000000d56b4488}: 'java.lang.Object java.lang.invoke.DirectMethodHandle$Holder.invokeStaticInit(java.lang.Object, java.lang.Object, java.lang.Object)'> (0x00000000d56b4488) 
thrown [s\src\hotspot\share\interpreter\linkResolver.cpp, line 773]
Event: 77.364 Thread 0x000002301f194150 Exception <a 'java/lang/ArrayIndexOutOfBoundsException'{0x00000000d56dc560}> (0x00000000d56dc560) 
thrown [s\src\hotspot\share\runtime\sharedRuntime.cpp, line 625]

ZGC Phase Switch (0 events):
No events

VM Operations (20 events):
Event: 76.994 Executing VM operation: ParallelGCFailedAllocation (Allocation Failure) done
Event: 77.007 Executing VM operation: ParallelGCFailedAllocation (Allocation Failure)
Event: 77.017 Executing VM operation: ParallelGCFailedAllocation (Allocation Failure) done
Event: 77.078 Executing VM operation: ParallelGCFailedAllocation (Allocation Failure)
Event: 77.082 Executing VM operation: ParallelGCFailedAllocation (Allocation Failure) done
Event: 77.098 Executing VM operation: ParallelGCFailedAllocation (Allocation Failure)
Event: 77.103 Executing VM operation: ParallelGCFailedAllocation (Allocation Failure) done
Event: 77.127 Executing VM operation: ParallelGCFailedAllocation (Allocation Failure)
Event: 77.131 Executing VM operation: ParallelGCFailedAllocation (Allocation Failure) done
Event: 77.150 Executing VM operation: ParallelGCFailedAllocation (Allocation Failure)
Event: 77.152 Executing VM operation: ParallelGCFailedAllocation (Allocation Failure) done
Event: 77.224 Executing VM operation: ParallelGCFailedAllocation (Allocation Failure)
Event: 77.229 Executing VM operation: ParallelGCFailedAllocation (Allocation Failure) done
Event: 77.280 Executing VM operation: ParallelGCFailedAllocation (Allocation Failure)
Event: 77.284 Executing VM operation: ParallelGCFailedAllocation (Allocation Failure) done
Event: 77.344 Executing VM operation: ParallelGCFailedAllocation (Allocation Failure)
Event: 77.363 Executing VM operation: ParallelGCFailedAllocation (Allocation Failure) done
Event: 77.365 Executing VM operation: ParallelGCFailedAllocation (Allocation Failure)
Event: 78.393 Executing VM operation: ParallelGCFailedAllocation (Allocation Failure) done
Event: 78.399 Executing VM operation: ParallelGCFailedAllocation (Allocation Failure)

Memory protections (0 events):
No events

Nmethod flushes (20 events):
Event: 29.142 Thread 0x0000022fd375fc90 flushing  nmethod 0x0000022fc0237110
Event: 29.142 Thread 0x0000022fd375fc90 flushing  nmethod 0x0000022fc023ef90
Event: 29.142 Thread 0x0000022fd375fc90 flushing  nmethod 0x0000022fc025d890
Event: 29.142 Thread 0x0000022fd375fc90 flushing  nmethod 0x0000022fc025ee90
Event: 29.142 Thread 0x0000022fd375fc90 flushing  nmethod 0x0000022fc025fe90
Event: 29.142 Thread 0x0000022fd375fc90 flushing  nmethod 0x0000022fc0260310
Event: 29.142 Thread 0x0000022fd375fc90 flushing  nmethod 0x0000022fc0260710
Event: 29.142 Thread 0x0000022fd375fc90 flushing  nmethod 0x0000022fc0261610
Event: 29.142 Thread 0x0000022fd375fc90 flushing  nmethod 0x0000022fc0261a10
Event: 29.142 Thread 0x0000022fd375fc90 flushing  nmethod 0x0000022fc0261e90
Event: 29.142 Thread 0x0000022fd375fc90 flushing  nmethod 0x0000022fc0269810
Event: 29.142 Thread 0x0000022fd375fc90 flushing  nmethod 0x0000022fc026a510
Event: 29.142 Thread 0x0000022fd375fc90 flushing  nmethod 0x0000022fc0271790
Event: 29.142 Thread 0x0000022fd375fc90 flushing  nmethod 0x0000022fc0271b90
Event: 29.142 Thread 0x0000022fd375fc90 flushing  nmethod 0x0000022fc0272010
Event: 29.142 Thread 0x0000022fd375fc90 flushing  nmethod 0x0000022fc0272610
Event: 29.142 Thread 0x0000022fd375fc90 flushing  nmethod 0x0000022fc0281110
Event: 29.142 Thread 0x0000022fd375fc90 flushing  nmethod 0x0000022fc028ef10
Event: 29.142 Thread 0x0000022fd375fc90 flushing osr nmethod 0x0000022fc029a290
Event: 29.142 Thread 0x0000022fd375fc90 flushing osr nmethod 0x0000022fc0326d90

Events (20 events):
Event: 48.450 Thread 0x000002301f193430 Thread exited: 0x000002301f193430
Event: 48.509 Thread 0x000002301d891e90 Thread exited: 0x000002301d891e90
Event: 48.598 Thread 0x000002301d8940a0 Thread exited: 0x000002301d8940a0
Event: 49.042 Thread 0x0000022fd3798e70 Thread added: 0x000002301d8940a0
Event: 50.218 Thread 0x000002301d8940a0 Thread exited: 0x000002301d8940a0
Event: 50.725 Thread 0x0000022fd3798e70 Thread added: 0x000002301d892c30
Event: 51.499 Thread 0x0000022fd3798e70 Thread added: 0x000002301d8940a0
Event: 54.596 Thread 0x000002301d8940a0 Thread exited: 0x000002301d8940a0
Event: 55.056 Thread 0x000002301d892c30 Thread exited: 0x000002301d892c30
Event: 65.248 Thread 0x0000022fd3798e70 Thread added: 0x000002301d8940a0
Event: 66.450 Thread 0x000002301d8940a0 Thread exited: 0x000002301d8940a0
Event: 75.708 Thread 0x0000022fd3798e70 Thread added: 0x000002301d892c30
Event: 76.957 Thread 0x000002301d892c30 Thread exited: 0x000002301d892c30
Event: 76.972 Thread 0x0000023016d4cda0 Thread added: 0x000002301f193ac0
Event: 76.972 Thread 0x000002301f1968b0 Thread added: 0x000002301f194150
Event: 76.972 Thread 0x000002301f194150 Thread added: 0x000002301f1982f0
Event: 76.973 Thread 0x000002301f1982f0 Thread added: 0x000002301f197c60
Event: 76.974 Thread 0x000002301f193ac0 Thread added: 0x000002301f1975d0
Event: 77.006 Thread 0x0000022fd3798e70 Thread added: 0x000002301d8940a0
Event: 77.344 Thread 0x000002301f193ac0 Thread added: 0x000002301f198980


Dynamic libraries:
0x00007ff746660000 - 0x00007ff74666e000 	c:\Users\lenevo\.vscode\extensions\redhat.java-1.43.1-win32-x64\jre\21.0.7-win32-x86_64\bin\java.exe
0x00007ffd63200000 - 0x00007ffd63460000 	C:\WINDOWS\SYSTEM32\ntdll.dll
0x00007ffd62900000 - 0x00007ffd629c7000 	C:\WINDOWS\System32\KERNEL32.DLL
0x00007ffd60410000 - 0x00007ffd607da000 	C:\WINDOWS\System32\KERNELBASE.dll
0x00007ffd60c20000 - 0x00007ffd60d6b000 	C:\WINDOWS\System32\ucrtbase.dll
0x00007ffd5b3f0000 - 0x00007ffd5b408000 	c:\Users\lenevo\.vscode\extensions\redhat.java-1.43.1-win32-x64\jre\21.0.7-win32-x86_64\bin\jli.dll
0x00007ffd62fe0000 - 0x00007ffd631ac000 	C:\WINDOWS\System32\USER32.dll
0x00007ffd603e0000 - 0x00007ffd60407000 	C:\WINDOWS\System32\win32u.dll
0x00007ffd62e40000 - 0x00007ffd62e6a000 	C:\WINDOWS\System32\GDI32.dll
0x00007ffd5b350000 - 0x00007ffd5b36e000 	c:\Users\lenevo\.vscode\extensions\redhat.java-1.43.1-win32-x64\jre\21.0.7-win32-x86_64\bin\VCRUNTIME140.dll
0x00007ffd60d70000 - 0x00007ffd60ea1000 	C:\WINDOWS\System32\gdi32full.dll
0x00007ffd60eb0000 - 0x00007ffd60f53000 	C:\WINDOWS\System32\msvcp_win.dll
0x00007ffd4e500000 - 0x00007ffd4e797000 	C:\WINDOWS\WinSxS\amd64_microsoft.windows.common-controls_6595b64144ccf1df_6.0.26100.3624_none_3e086962e3345f24\COMCTL32.dll
0x00007ffd629d0000 - 0x00007ffd62a79000 	C:\WINDOWS\System32\msvcrt.dll
0x00007ffd62190000 - 0x00007ffd621bf000 	C:\WINDOWS\System32\IMM32.DLL
0x00007ffd5af10000 - 0x00007ffd5af1c000 	c:\Users\lenevo\.vscode\extensions\redhat.java-1.43.1-win32-x64\jre\21.0.7-win32-x86_64\bin\vcruntime140_1.dll
0x00007ffd132c0000 - 0x00007ffd1334d000 	c:\Users\lenevo\.vscode\extensions\redhat.java-1.43.1-win32-x64\jre\21.0.7-win32-x86_64\bin\msvcp140.dll
0x00007ffca3520000 - 0x00007ffca42b0000 	c:\Users\lenevo\.vscode\extensions\redhat.java-1.43.1-win32-x64\jre\21.0.7-win32-x86_64\bin\server\jvm.dll
0x00007ffd61940000 - 0x00007ffd619f2000 	C:\WINDOWS\System32\ADVAPI32.dll
0x00007ffd62c40000 - 0x00007ffd62ce6000 	C:\WINDOWS\System32\sechost.dll
0x00007ffd62cf0000 - 0x00007ffd62e06000 	C:\WINDOWS\System32\RPCRT4.dll
0x00007ffd62a80000 - 0x00007ffd62af4000 	C:\WINDOWS\System32\WS2_32.dll
0x00007ffd4e8b0000 - 0x00007ffd4e8e6000 	C:\WINDOWS\SYSTEM32\WINMM.dll
0x00007ffd5f070000 - 0x00007ffd5f0ce000 	C:\WINDOWS\SYSTEM32\POWRPROF.dll
0x00007ffd56e40000 - 0x00007ffd56e4b000 	C:\WINDOWS\SYSTEM32\VERSION.dll
0x00007ffd5f050000 - 0x00007ffd5f064000 	C:\WINDOWS\SYSTEM32\UMPDC.dll
0x00007ffd5f310000 - 0x00007ffd5f32a000 	C:\WINDOWS\SYSTEM32\kernel.appcore.dll
0x00007ffd5ab20000 - 0x00007ffd5ab2a000 	c:\Users\lenevo\.vscode\extensions\redhat.java-1.43.1-win32-x64\jre\21.0.7-win32-x86_64\bin\jimage.dll
0x00007ffd5dda0000 - 0x00007ffd5dfe1000 	C:\WINDOWS\SYSTEM32\DBGHELP.DLL
0x00007ffd61a00000 - 0x00007ffd61d82000 	C:\WINDOWS\System32\combase.dll
0x00007ffd62b60000 - 0x00007ffd62c36000 	C:\WINDOWS\System32\OLEAUT32.dll
0x00007ffcfb070000 - 0x00007ffcfb0a9000 	C:\WINDOWS\SYSTEM32\dbgcore.DLL
0x00007ffd60f60000 - 0x00007ffd60ff9000 	C:\WINDOWS\System32\bcryptPrimitives.dll
0x00007ffd5ab10000 - 0x00007ffd5ab1f000 	c:\Users\lenevo\.vscode\extensions\redhat.java-1.43.1-win32-x64\jre\21.0.7-win32-x86_64\bin\instrument.dll
0x00007ffd5aa30000 - 0x00007ffd5aa4f000 	c:\Users\lenevo\.vscode\extensions\redhat.java-1.43.1-win32-x64\jre\21.0.7-win32-x86_64\bin\java.dll
0x00007ffd621d0000 - 0x00007ffd628f9000 	C:\WINDOWS\System32\SHELL32.dll
0x00007ffd60930000 - 0x00007ffd60a98000 	C:\WINDOWS\System32\wintypes.dll
0x00007ffd5e0e0000 - 0x00007ffd5e932000 	C:\WINDOWS\SYSTEM32\windows.storage.dll
0x00007ffd61e90000 - 0x00007ffd61f7d000 	C:\WINDOWS\System32\SHCORE.dll
0x00007ffd61d90000 - 0x00007ffd61df4000 	C:\WINDOWS\System32\shlwapi.dll
0x00007ffd602f0000 - 0x00007ffd6031f000 	C:\WINDOWS\SYSTEM32\profapi.dll
0x00007ffd5a9a0000 - 0x00007ffd5a9b8000 	c:\Users\lenevo\.vscode\extensions\redhat.java-1.43.1-win32-x64\jre\21.0.7-win32-x86_64\bin\zip.dll
0x00007ffd5aa70000 - 0x00007ffd5aa80000 	C:\Users\lenevo\.vscode\extensions\redhat.java-1.43.1-win32-x64\jre\21.0.7-win32-x86_64\bin\net.dll
0x00007ffd59330000 - 0x00007ffd5944d000 	C:\WINDOWS\SYSTEM32\WINHTTP.dll
0x00007ffd5f830000 - 0x00007ffd5f89a000 	C:\WINDOWS\system32\mswsock.dll
0x00007ffd446d0000 - 0x00007ffd446e6000 	C:\Users\lenevo\.vscode\extensions\redhat.java-1.43.1-win32-x64\jre\21.0.7-win32-x86_64\bin\nio.dll
0x00007ffd467f0000 - 0x00007ffd46800000 	c:\Users\lenevo\.vscode\extensions\redhat.java-1.43.1-win32-x64\jre\21.0.7-win32-x86_64\bin\verify.dll
0x00007ffd3cb90000 - 0x00007ffd3cbd5000 	C:\Users\lenevo\AppData\Roaming\Code\User\globalStorage\redhat.java\1.43.1\config_win\org.eclipse.equinox.launcher\org.eclipse.equinox.launcher.win32.win32.x86_64_1.2.1300.v20250331-1702\eclipse_11911.dll
0x00007ffd617a0000 - 0x00007ffd61936000 	C:\WINDOWS\System32\ole32.dll
0x00007ffd5fad0000 - 0x00007ffd5faec000 	C:\WINDOWS\SYSTEM32\CRYPTSP.dll
0x00007ffd5f270000 - 0x00007ffd5f2aa000 	C:\WINDOWS\system32\rsaenh.dll
0x00007ffd5f8d0000 - 0x00007ffd5f8fb000 	C:\WINDOWS\SYSTEM32\USERENV.dll
0x00007ffd602c0000 - 0x00007ffd602e6000 	C:\WINDOWS\SYSTEM32\bcrypt.dll
0x00007ffd5faf0000 - 0x00007ffd5fafc000 	C:\WINDOWS\SYSTEM32\CRYPTBASE.dll
0x00007ffd5ecb0000 - 0x00007ffd5ece3000 	C:\WINDOWS\SYSTEM32\IPHLPAPI.DLL
0x00007ffd62ed0000 - 0x00007ffd62eda000 	C:\WINDOWS\System32\NSI.dll
0x00007ffd37ce0000 - 0x00007ffd37d29000 	C:\Users\lenevo\AppData\Local\Temp\jna--1106365527\jna12638462723159360694.dll
0x00007ffd62e70000 - 0x00007ffd62e78000 	C:\WINDOWS\System32\PSAPI.DLL
0x00007ffd59ac0000 - 0x00007ffd59adf000 	C:\WINDOWS\SYSTEM32\dhcpcsvc6.DLL
0x00007ffd59610000 - 0x00007ffd59635000 	C:\WINDOWS\SYSTEM32\dhcpcsvc.DLL

dbghelp: loaded successfully - version: 4.0.5 - missing functions: none
symbol engine: initialized successfully - sym options: 0x614 - pdb path: .;c:\Users\lenevo\.vscode\extensions\redhat.java-1.43.1-win32-x64\jre\21.0.7-win32-x86_64\bin;C:\WINDOWS\SYSTEM32;C:\WINDOWS\WinSxS\amd64_microsoft.windows.common-controls_6595b64144ccf1df_6.0.26100.3624_none_3e086962e3345f24;c:\Users\lenevo\.vscode\extensions\redhat.java-1.43.1-win32-x64\jre\21.0.7-win32-x86_64\bin\server;C:\Users\lenevo\AppData\Roaming\Code\User\globalStorage\redhat.java\1.43.1\config_win\org.eclipse.equinox.launcher\org.eclipse.equinox.launcher.win32.win32.x86_64_1.2.1300.v20250331-1702;C:\Users\lenevo\AppData\Local\Temp\jna--1106365527

VM Arguments:
jvm_args: --add-modules=ALL-SYSTEM --add-opens=java.base/java.util=ALL-UNNAMED --add-opens=java.base/java.lang=ALL-UNNAMED --add-opens=java.base/sun.nio.fs=ALL-UNNAMED -Declipse.application=org.eclipse.jdt.ls.core.id1 -Dosgi.bundles.defaultStartLevel=4 -Declipse.product=org.eclipse.jdt.ls.core.product -Djava.import.generatesMetadataFilesAtProjectRoot=false -DDetectVMInstallationsJob.disabled=true -Dfile.encoding=utf8 -XX:+UseParallelGC -XX:GCTimeRatio=4 -XX:AdaptiveSizePolicyWeight=90 -Dsun.zip.disableMemoryMapping=true -Xmx2G -Xms100m -Xlog:disable -javaagent:c:\Users\lenevo\.vscode\extensions\redhat.java-1.43.1-win32-x64\lombok\lombok-1.18.39-4050.jar -XX:+HeapDumpOnOutOfMemoryError -XX:HeapDumpPath=c:\Users\lenevo\AppData\Roaming\Code\User\workspaceStorage\7e8dc7172eb0617674d0279011c92714\redhat.java -Daether.dependencyCollector.impl=bf 
java_command: c:\Users\lenevo\.vscode\extensions\redhat.java-1.43.1-win32-x64\server\plugins\org.eclipse.equinox.launcher_1.7.0.v20250519-0528.jar -configuration c:\Users\lenevo\AppData\Roaming\Code\User\globalStorage\redhat.java\1.43.1\config_win -data c:\Users\lenevo\AppData\Roaming\Code\User\workspaceStorage\7e8dc7172eb0617674d0279011c92714\redhat.java\jdt_ws --pipe=\\.\pipe\lsp-a34a9fb5a5d4efdbf1492486866fd4b4-sock
java_class_path (initial): c:\Users\lenevo\.vscode\extensions\redhat.java-1.43.1-win32-x64\server\plugins\org.eclipse.equinox.launcher_1.7.0.v20250519-0528.jar
Launcher Type: SUN_STANDARD

[Global flags]
    uintx AdaptiveSizePolicyWeight                 = 90                                        {product} {command line}
     intx CICompilerCount                          = 4                                         {product} {ergonomic}
    uintx GCTimeRatio                              = 4                                         {product} {command line}
     bool HeapDumpOnOutOfMemoryError               = true                                   {manageable} {command line}
    ccstr HeapDumpPath                             = c:\Users\lenevo\AppData\Roaming\Code\User\workspaceStorage\7e8dc7172eb0617674d0279011c92714\redhat.java         {manageable} {command line}
   size_t InitialHeapSize                          = 104857600                                 {product} {command line}
   size_t MaxHeapSize                              = 2147483648                                {product} {command line}
   size_t MaxNewSize                               = 715653120                                 {product} {ergonomic}
   size_t MinHeapDeltaBytes                        = 524288                                    {product} {ergonomic}
   size_t MinHeapSize                              = 104857600                                 {product} {command line}
   size_t NewSize                                  = 34603008                                  {product} {ergonomic}
    uintx NonNMethodCodeHeapSize                   = 5839372                                {pd product} {ergonomic}
    uintx NonProfiledCodeHeapSize                  = 122909434                              {pd product} {ergonomic}
   size_t OldSize                                  = 70254592                                  {product} {ergonomic}
    uintx ProfiledCodeHeapSize                     = 122909434                              {pd product} {ergonomic}
    uintx ReservedCodeCacheSize                    = 251658240                              {pd product} {ergonomic}
     bool SegmentedCodeCache                       = true                                      {product} {ergonomic}
   size_t SoftMaxHeapSize                          = 2147483648                             {manageable} {ergonomic}
     bool UseCompressedOops                        = true                           {product lp64_product} {ergonomic}
     bool UseLargePagesIndividualAllocation        = false                                  {pd product} {ergonomic}
     bool UseParallelGC                            = true                                      {product} {command line}

Logging:
Log output configuration:
 #0: stdout all=off uptime,level,tags foldmultilines=false
 #1: stderr all=off uptime,level,tags foldmultilines=false

Environment Variables:
JAVA_HOME=C:\Users\lenevo\Downloads\OpenJDK17U-jdk_x64_windows_hotspot_17.0.15_6\jdk-17.0.15+6
PATH=C:\Python313\Scripts\;C:\Python313\;C:\WINDOWS\system32;C:\WINDOWS;C:\WINDOWS\System32\Wbem;C:\WINDOWS\System32\WindowsPowerShell\v1.0\;C:\WINDOWS\System32\OpenSSH\;C:\Program Files (x86)\Microsoft SQL Server\160\Tools\Binn\;C:\Program Files\Microsoft SQL Server\160\Tools\Binn\;C:\Program Files\Microsoft SQL Server\Client SDK\ODBC\170\Tools\Binn\;C:\Program Files\Microsoft SQL Server\160\DTS\Binn\;C:\Program Files (x86)\Microsoft SQL Server\160\DTS\Binn\;C:\Program Files\Git\cmd;C:\Program Files\nodejs\;C:\ProgramData\chocolatey\bin;C:\Users\lenevo\Downloads\OpenJDK17U-jdk_x64_windows_hotspot_17.0.15_6\jdk-17.0.15+6\bin;C:\Program Files\dotnet\;C:\Users\lenevo\AppData\Local\Programs\Python\Python310\Scripts\;C:\Users\lenevo\AppData\Local\Programs\Python\Python310\;C:\Users\lenevo\AppData\Local\Microsoft\WindowsApps;C:\Program Files\JetBrains\PyCharm Community Edition 2022.2.2\bin;;C:\Users\lenevo\AppData\Local\GitHubDesktop\bin;C:\Users\lenevo\AppData\Roaming\npm;C:\Users\lenevo\AppData\Local\Android\Sdk\platform-tools;C:\Users\lenevo\AppData\Local\Programs\Microsoft VS Code\bin;C:\Users\lenevo\.dotnet\tools;C:\Users\lenevo\AppData\Local\Programs\cursor\resources\app\bin
USERNAME=lenevo
OS=Windows_NT
PROCESSOR_IDENTIFIER=Intel64 Family 6 Model 126 Stepping 5, GenuineIntel
TMP=C:\Users\lenevo\AppData\Local\Temp
TEMP=C:\Users\lenevo\AppData\Local\Temp




Periodic native trim disabled

---------------  S Y S T E M  ---------------

OS:
 Windows 11 , 64 bit Build 26100 (10.0.26100.3775)
OS uptime: 2 days 11:19 hours

CPU: total 8 (initial active 8) (4 cores per cpu, 2 threads per core) family 6 model 126 stepping 5 microcode 0x86, cx8, cmov, fxsr, ht, mmx, 3dnowpref, sse, sse2, sse3, ssse3, sse4.1, sse4.2, popcnt, lzcnt, tsc, tscinvbit, avx, avx2, aes, erms, clmul, bmi1, bmi2, adx, avx512f, avx512dq, avx512cd, avx512bw, avx512vl, sha, fma, vzeroupper, avx512_vpopcntdq, avx512_vpclmulqdq, avx512_vaes, avx512_vnni, clflush, clflushopt, avx512_vbmi2, avx512_vbmi, rdtscp, rdpid, fsrm, gfni, avx512_bitalg, f16c, pku, avx512_ifma
Processor Information for the first 8 processors :
  Max Mhz: 1190, Current Mhz: 991, Mhz Limit: 987

Memory: 4k page, system-wide physical 12030M (884M free)
TotalPageFile size 42366M (AvailPageFile size 2M)
current process WorkingSet (physical memory assigned to process): 1202M, peak: 1202M
current process commit charge ("private bytes"): 1164M, peak: 1164M

vm_info: OpenJDK 64-Bit Server VM (21.0.7+6-LTS) for windows-amd64 JRE (21.0.7+6-LTS), built on 2025-04-15T00:00:00Z by "admin" with MS VC++ 17.7 (VS2022)

END.
